<?xml version="1.0" encoding="UTF-8"?>
<!-- Generated by org.testng.reporters.JUnitReportReporter -->
<testsuite hostname="TYSS-Pavan" failures="0" tests="1" name="practice.Swipe" time="21.165" errors="0" timestamp="2023-01-30T17:33:02 IST" skipped="0">
  <testcase classname="practice.Swipe" name="swipegesture" time="21.165"/>
  <system-out/>
</testsuite> <!-- practice.Swipe -->
