<?xml version="1.0" encoding="UTF-8"?>
<!-- Generated by org.testng.reporters.JUnitReportReporter -->
<testsuite hostname="TYSS-Pavan" failures="0" tests="1" name="practice.ScrollGesture" time="16.586" errors="0" timestamp="2023-01-31T11:53:05 IST" skipped="0">
  <testcase classname="practice.ScrollGesture" name="scroll" time="16.586"/>
  <system-out/>
</testsuite> <!-- practice.ScrollGesture -->
