<?xml version="1.0" encoding="UTF-8"?>
<!-- Generated by org.testng.reporters.JUnitReportReporter -->
<testsuite hostname="TYSS-Pavan" failures="0" tests="1" name="server.StartServerCMD_custom" time="43.677" errors="0" timestamp="2023-03-14T13:18:53 IST" skipped="0">
  <testcase classname="server.StartServerCMD_custom" name="click" time="43.677"/>
  <system-out/>
</testsuite> <!-- server.StartServerCMD_custom -->
