<?xml version="1.0" encoding="UTF-8"?>
<!-- Generated by org.testng.reporters.JUnitReportReporter -->
<testsuite hostname="TYSS-Pavan" failures="0" tests="1" name="server.ServerStart_1" time="19.343" errors="0" timestamp="2023-03-14T15:53:17 IST" skipped="0">
  <testcase classname="server.ServerStart_1" name="click" time="19.343"/>
  <system-out/>
</testsuite> <!-- server.ServerStart_1 -->
