<?xml version="1.0" encoding="UTF-8"?>
<!-- Generated by org.testng.reporters.JUnitReportReporter -->
<testsuite hostname="TYSS-Pavan" failures="0" tests="1" name="practice.ClickGesture" time="40.531" errors="0" timestamp="2023-03-13T17:05:22 IST" skipped="0">
  <testcase classname="practice.ClickGesture" name="click" time="40.531"/>
  <system-out/>
</testsuite> <!-- practice.ClickGesture -->
