<?xml version="1.0" encoding="UTF-8"?>
<!-- Generated by org.testng.reporters.JUnitReportReporter -->
<testsuite hostname="TYSS-Pavan" failures="0" tests="1" name="practice.DragandDrop" time="18.199" errors="0" timestamp="2023-01-30T12:03:12 IST" skipped="0">
  <testcase classname="practice.DragandDrop" name="draganddrop" time="18.199"/>
  <system-out/>
</testsuite> <!-- practice.DragandDrop -->
