<?xml version="1.0" encoding="UTF-8"?>
<!-- Generated by org.testng.reporters.JUnitReportReporter -->
<testsuite hostname="TYSS-Pavan" failures="0" tests="1" name="practice.LaunchApiDemos" time="17.120" errors="0" timestamp="2023-01-25T12:44:57 IST" skipped="0">
  <testcase classname="practice.LaunchApiDemos" name="launchapp" time="17.120"/>
  <system-out/>
</testsuite> <!-- practice.LaunchApiDemos -->
