<?xml version="1.0" encoding="UTF-8"?>
<!-- Generated by org.testng.reporters.JUnitReportReporter -->
<testsuite hostname="TYSS-Pavan" failures="0" tests="1" name="practice.Swipe_ScreenTest" time="13.248" errors="0" timestamp="2023-01-30T17:46:45 IST" skipped="0">
  <testcase classname="practice.Swipe_ScreenTest" name="swipegesture" time="13.248"/>
  <system-out/>
</testsuite> <!-- practice.Swipe_ScreenTest -->
