<?xml version="1.0" encoding="UTF-8"?>
<!-- Generated by org.testng.reporters.JUnitReportReporter -->
<testsuite hostname="TYSS-Pavan" failures="0" tests="1" name="server.StartServerCMD" time="46.979" errors="0" timestamp="2023-03-14T13:05:11 IST" skipped="0">
  <testcase classname="server.StartServerCMD" name="click" time="46.979"/>
  <system-out/>
</testsuite> <!-- server.StartServerCMD -->
