<?xml version="1.0" encoding="UTF-8"?>
<!-- Generated by org.testng.reporters.JUnitReportReporter -->
<testsuite hostname="TYSS-Pavan" failures="0" tests="1" name="practice.LaunchApp" time="14.822" errors="0" timestamp="2023-01-24T12:41:47 IST" skipped="0">
  <testcase classname="practice.LaunchApp" name="launch" time="14.822"/>
  <system-out/>
</testsuite> <!-- practice.LaunchApp -->
