<?xml version="1.0" encoding="UTF-8"?>
<!-- Generated by org.testng.reporters.JUnitReportReporter -->
<testsuite hostname="TYSS-Pavan" failures="0" tests="1" name="driverAction.DriverActions" time="23.600" errors="0" timestamp="2023-01-31T16:16:07 IST" skipped="0">
  <testcase classname="driverAction.DriverActions" name="actions" time="23.600"/>
  <system-out/>
</testsuite> <!-- driverAction.DriverActions -->
