<?xml version="1.0" encoding="UTF-8"?>
<!-- Generated by org.testng.reporters.JUnitReportReporter -->
<testsuite hostname="TYSS-Pavan" failures="0" tests="1" name="parallel.ParallelExecution" time="28.372" errors="0" timestamp="2023-03-15T15:00:48 IST" skipped="0">
  <testcase classname="parallel.ParallelExecution" name="parallelExecution" time="28.372"/>
  <system-out/>
</testsuite> <!-- parallel.ParallelExecution -->
